<?xml version="1.0" encoding="UTF-8"?>
<coverage generated="1685370029">
  <project timestamp="1685370029">
    <file name="/home/runner/work/type-converter/type-converter/src/ConverterInterface.php">
      <metrics loc="11" ncloc="6" classes="0" methods="0" coveredmethods="0" conditionals="0" coveredconditionals="0" statements="0" coveredstatements="0" elements="0" coveredelements="0"/>
    </file>
    <file name="/home/runner/work/type-converter/type-converter/src/Converters/ArrayToObjectConverter.php">
      <class name="Apie\TypeConverter\Converters\ArrayToObjectConverter" namespace="global">
        <metrics complexity="11" methods="2" coveredmethods="1" conditionals="0" coveredconditionals="0" statements="33" coveredstatements="20" elements="35" coveredelements="21"/>
      </class>
      <line num="28" type="method" name="__construct" visibility="public" complexity="1" crap="1" count="9"/>
      <line num="30" type="stmt" count="9"/>
      <line num="33" type="method" name="convert" visibility="public" complexity="10" crap="16.70" count="2"/>
      <line num="35" type="stmt" count="2"/>
      <line num="36" type="stmt" count="2"/>
      <line num="37" type="stmt" count="2"/>
      <line num="38" type="stmt" count="2"/>
      <line num="39" type="stmt" count="1"/>
      <line num="40" type="stmt" count="1"/>
      <line num="41" type="stmt" count="1"/>
      <line num="42" type="stmt" count="1"/>
      <line num="43" type="stmt" count="1"/>
      <line num="44" type="stmt" count="1"/>
      <line num="46" type="stmt" count="0"/>
      <line num="48" type="stmt" count="1"/>
      <line num="50" type="stmt" count="0"/>
      <line num="51" type="stmt" count="0"/>
      <line num="53" type="stmt" count="0"/>
      <line num="58" type="stmt" count="2"/>
      <line num="59" type="stmt" count="2"/>
      <line num="60" type="stmt" count="2"/>
      <line num="61" type="stmt" count="2"/>
      <line num="62" type="stmt" count="0"/>
      <line num="64" type="stmt" count="2"/>
      <line num="66" type="stmt" count="2"/>
      <line num="67" type="stmt" count="0"/>
      <line num="70" type="stmt" count="2"/>
      <line num="71" type="stmt" count="0"/>
      <line num="72" type="stmt" count="0"/>
      <line num="73" type="stmt" count="0"/>
      <line num="74" type="stmt" count="0"/>
      <line num="75" type="stmt" count="0"/>
      <line num="76" type="stmt" count="0"/>
      <line num="77" type="stmt" count="0"/>
      <line num="81" type="stmt" count="2"/>
      <metrics loc="83" ncloc="80" classes="1" methods="2" coveredmethods="1" conditionals="0" coveredconditionals="0" statements="33" coveredstatements="20" elements="35" coveredelements="21"/>
    </file>
    <file name="/home/runner/work/type-converter/type-converter/src/Converters/FloatToStringConverter.php">
      <class name="Apie\TypeConverter\Converters\FloatToStringConverter" namespace="global">
        <metrics complexity="1" methods="1" coveredmethods="1" conditionals="0" coveredconditionals="0" statements="1" coveredstatements="1" elements="2" coveredelements="2"/>
      </class>
      <line num="11" type="method" name="convert" visibility="public" complexity="1" crap="1" count="1"/>
      <line num="13" type="stmt" count="1"/>
      <metrics loc="15" ncloc="12" classes="1" methods="1" coveredmethods="1" conditionals="0" coveredconditionals="0" statements="1" coveredstatements="1" elements="2" coveredelements="2"/>
    </file>
    <file name="/home/runner/work/type-converter/type-converter/src/Converters/IntToStringConverter.php">
      <class name="Apie\TypeConverter\Converters\IntToStringConverter" namespace="global">
        <metrics complexity="1" methods="1" coveredmethods="1" conditionals="0" coveredconditionals="0" statements="1" coveredstatements="1" elements="2" coveredelements="2"/>
      </class>
      <line num="11" type="method" name="convert" visibility="public" complexity="1" crap="1" count="1"/>
      <line num="13" type="stmt" count="1"/>
      <metrics loc="15" ncloc="12" classes="1" methods="1" coveredmethods="1" conditionals="0" coveredconditionals="0" statements="1" coveredstatements="1" elements="2" coveredelements="2"/>
    </file>
    <file name="/home/runner/work/type-converter/type-converter/src/Converters/ObjectToObjectConverter.php">
      <class name="Apie\TypeConverter\Converters\ObjectToObjectConverter" namespace="global">
        <metrics complexity="3" methods="2" coveredmethods="2" conditionals="0" coveredconditionals="0" statements="6" coveredstatements="6" elements="8" coveredelements="8"/>
      </class>
      <line num="21" type="method" name="__construct" visibility="public" complexity="1" crap="1" count="9"/>
      <line num="22" type="stmt" count="9"/>
      <line num="23" type="stmt" count="9"/>
      <line num="26" type="method" name="convert" visibility="public" complexity="2" crap="2" count="3"/>
      <line num="28" type="stmt" count="3"/>
      <line num="29" type="stmt" count="3"/>
      <line num="30" type="stmt" count="3"/>
      <line num="32" type="stmt" count="1"/>
      <metrics loc="34" ncloc="31" classes="1" methods="2" coveredmethods="2" conditionals="0" coveredconditionals="0" statements="6" coveredstatements="6" elements="8" coveredelements="8"/>
    </file>
    <file name="/home/runner/work/type-converter/type-converter/src/Converters/ReflectionTypeToStringConverter.php">
      <class name="Apie\TypeConverter\Converters\ReflectionTypeToStringConverter" namespace="global">
        <metrics complexity="3" methods="1" coveredmethods="1" conditionals="0" coveredconditionals="0" statements="16" coveredstatements="16" elements="17" coveredelements="17"/>
      </class>
      <line num="14" type="method" name="convert" visibility="public" complexity="3" crap="3" count="12"/>
      <line num="16" type="stmt" count="12"/>
      <line num="17" type="stmt" count="12"/>
      <line num="19" type="stmt" count="5"/>
      <line num="20" type="stmt" count="5"/>
      <line num="21" type="stmt" count="1"/>
      <line num="23" type="stmt" count="5"/>
      <line num="24" type="stmt" count="5"/>
      <line num="25" type="stmt" count="5"/>
      <line num="26" type="stmt" count="5"/>
      <line num="27" type="stmt" count="5"/>
      <line num="28" type="stmt" count="5"/>
      <line num="29" type="stmt" count="5"/>
      <line num="30" type="stmt" count="5"/>
      <line num="31" type="stmt" count="5"/>
      <line num="32" type="stmt" count="5"/>
      <line num="33" type="stmt" count="5"/>
      <metrics loc="35" ncloc="32" classes="1" methods="1" coveredmethods="1" conditionals="0" coveredconditionals="0" statements="16" coveredstatements="16" elements="17" coveredelements="17"/>
    </file>
    <file name="/home/runner/work/type-converter/type-converter/src/Converters/StringToIntConverter.php">
      <class name="Apie\TypeConverter\Converters\StringToIntConverter" namespace="global">
        <metrics complexity="2" methods="1" coveredmethods="1" conditionals="0" coveredconditionals="0" statements="9" coveredstatements="9" elements="10" coveredelements="10"/>
      </class>
      <line num="12" type="method" name="convert" visibility="public" complexity="2" crap="2" count="2"/>
      <line num="14" type="stmt" count="2"/>
      <line num="15" type="stmt" count="2"/>
      <line num="16" type="stmt" count="1"/>
      <line num="17" type="stmt" count="1"/>
      <line num="18" type="stmt" count="1"/>
      <line num="19" type="stmt" count="1"/>
      <line num="20" type="stmt" count="1"/>
      <line num="21" type="stmt" count="1"/>
      <line num="23" type="stmt" count="2"/>
      <metrics loc="25" ncloc="21" classes="1" methods="1" coveredmethods="1" conditionals="0" coveredconditionals="0" statements="9" coveredstatements="9" elements="10" coveredelements="10"/>
    </file>
    <file name="/home/runner/work/type-converter/type-converter/src/Converters/StringToReflectionTypeConverter.php">
      <class name="Apie\TypeConverter\Converters\StringToReflectionTypeConverter" namespace="global">
        <metrics complexity="1" methods="1" coveredmethods="1" conditionals="0" coveredconditionals="0" statements="1" coveredstatements="1" elements="2" coveredelements="2"/>
      </class>
      <line num="13" type="method" name="convert" visibility="public" complexity="1" crap="1" count="1"/>
      <line num="15" type="stmt" count="1"/>
      <metrics loc="17" ncloc="14" classes="1" methods="1" coveredmethods="1" conditionals="0" coveredconditionals="0" statements="1" coveredstatements="1" elements="2" coveredelements="2"/>
    </file>
    <file name="/home/runner/work/type-converter/type-converter/src/DefaultConvertersFactory.php">
      <class name="Apie\TypeConverter\DefaultConvertersFactory" namespace="global">
        <metrics complexity="2" methods="1" coveredmethods="1" conditionals="0" coveredconditionals="0" statements="9" coveredstatements="9" elements="10" coveredelements="10"/>
      </class>
      <line num="22" type="method" name="create" visibility="public" complexity="1" crap="1" count="4"/>
      <line num="24" type="stmt" count="4"/>
      <line num="25" type="stmt" count="4"/>
      <line num="26" type="stmt" count="4"/>
      <line num="27" type="stmt" count="4"/>
      <line num="28" type="stmt" count="4"/>
      <line num="29" type="stmt" count="4"/>
      <line num="30" type="stmt" count="4"/>
      <line num="31" type="stmt" count="4"/>
      <line num="32" type="stmt" count="4"/>
      <metrics loc="34" ncloc="28" classes="1" methods="1" coveredmethods="1" conditionals="0" coveredconditionals="0" statements="9" coveredstatements="9" elements="10" coveredelements="10"/>
    </file>
    <file name="/home/runner/work/type-converter/type-converter/src/Exceptions/CanNotConvertObjectException.php">
      <class name="Apie\TypeConverter\Exceptions\CanNotConvertObjectException" namespace="global">
        <metrics complexity="1" methods="1" coveredmethods="1" conditionals="0" coveredconditionals="0" statements="1" coveredstatements="1" elements="2" coveredelements="2"/>
      </class>
      <line num="10" type="method" name="__construct" visibility="public" complexity="1" crap="1" count="3"/>
      <line num="15" type="stmt" count="3"/>
      <metrics loc="17" ncloc="17" classes="1" methods="1" coveredmethods="1" conditionals="0" coveredconditionals="0" statements="1" coveredstatements="1" elements="2" coveredelements="2"/>
    </file>
    <file name="/home/runner/work/type-converter/type-converter/src/Exceptions/CanNotConvertObjectPropertyException.php">
      <class name="Apie\TypeConverter\Exceptions\CanNotConvertObjectPropertyException" namespace="global">
        <metrics complexity="1" methods="1" coveredmethods="0" conditionals="0" coveredconditionals="0" statements="1" coveredstatements="0" elements="2" coveredelements="0"/>
      </class>
      <line num="10" type="method" name="__construct" visibility="public" complexity="1" crap="2" count="0"/>
      <line num="16" type="stmt" count="0"/>
      <metrics loc="18" ncloc="18" classes="1" methods="1" coveredmethods="0" conditionals="0" coveredconditionals="0" statements="1" coveredstatements="0" elements="2" coveredelements="0"/>
    </file>
    <file name="/home/runner/work/type-converter/type-converter/src/ObjectFallbackConverter.php">
      <metrics loc="13" ncloc="10" classes="0" methods="0" coveredmethods="0" conditionals="0" coveredconditionals="0" statements="0" coveredstatements="0" elements="0" coveredelements="0"/>
    </file>
    <file name="/home/runner/work/type-converter/type-converter/src/ReflectionTypeFactory.php">
      <class name="Apie\TypeConverter\ReflectionTypeFactory" namespace="global">
        <metrics complexity="12" methods="4" coveredmethods="3" conditionals="0" coveredconditionals="0" statements="26" coveredstatements="21" elements="30" coveredelements="24"/>
      </class>
      <line num="28" type="method" name="createNullType" visibility="private" complexity="1" crap="1" count="1"/>
      <line num="30" type="stmt" count="1"/>
      <line num="31" type="stmt" count="1"/>
      <line num="34" type="method" name="createFalseType" visibility="private" complexity="1" crap="1" count="1"/>
      <line num="36" type="stmt" count="1"/>
      <line num="37" type="stmt" count="1"/>
      <line num="40" type="method" name="createTrueType" visibility="private" complexity="2" crap="3.46" count="1"/>
      <line num="42" type="stmt" count="1"/>
      <line num="43" type="stmt" count="1"/>
      <line num="45" type="stmt" count="0"/>
      <line num="46" type="stmt" count="0"/>
      <line num="47" type="stmt" count="0"/>
      <line num="48" type="stmt" count="0"/>
      <line num="49" type="stmt" count="0"/>
      <line num="52" type="method" name="createReflectionType" visibility="public" complexity="7" crap="7" count="55"/>
      <line num="54" type="stmt" count="55"/>
      <line num="55" type="stmt" count="1"/>
      <line num="57" type="stmt" count="54"/>
      <line num="58" type="stmt" count="16"/>
      <line num="59" type="stmt" count="1"/>
      <line num="60" type="stmt" count="15"/>
      <line num="61" type="stmt" count="1"/>
      <line num="62" type="stmt" count="14"/>
      <line num="63" type="stmt" count="1"/>
      <line num="65" type="stmt" count="13"/>
      <line num="66" type="stmt" count="13"/>
      <line num="67" type="stmt" count="13"/>
      <line num="68" type="stmt" count="13"/>
      <line num="69" type="stmt" count="13"/>
      <line num="72" type="stmt" count="53"/>
      <metrics loc="75" ncloc="66" classes="1" methods="4" coveredmethods="3" conditionals="0" coveredconditionals="0" statements="26" coveredstatements="21" elements="30" coveredelements="24"/>
    </file>
    <file name="/home/runner/work/type-converter/type-converter/src/TypeConverter.php">
      <class name="Apie\TypeConverter\TypeConverter" namespace="global">
        <metrics complexity="17" methods="3" coveredmethods="3" conditionals="0" coveredconditionals="0" statements="38" coveredstatements="38" elements="41" coveredelements="41"/>
      </class>
      <line num="15" type="method" name="__construct" visibility="public" complexity="2" crap="2" count="9"/>
      <line num="17" type="stmt" count="9"/>
      <line num="18" type="stmt" count="9"/>
      <line num="19" type="stmt" count="9"/>
      <line num="20" type="stmt" count="9"/>
      <line num="21" type="stmt" count="9"/>
      <line num="22" type="stmt" count="9"/>
      <line num="23" type="stmt" count="9"/>
      <line num="24" type="stmt" count="9"/>
      <line num="31" type="method" name="getConvertersForData" visibility="private" complexity="5" crap="5" count="7"/>
      <line num="33" type="stmt" count="7"/>
      <line num="34" type="stmt" count="7"/>
      <line num="35" type="stmt" count="7"/>
      <line num="36" type="stmt" count="7"/>
      <line num="37" type="stmt" count="7"/>
      <line num="38" type="stmt" count="7"/>
      <line num="39" type="stmt" count="4"/>
      <line num="43" type="stmt" count="7"/>
      <line num="46" type="method" name="convertTo" visibility="public" complexity="10" crap="10" count="9"/>
      <line num="48" type="stmt" count="9"/>
      <line num="49" type="stmt" count="7"/>
      <line num="51" type="stmt" count="9"/>
      <line num="52" type="stmt" count="9"/>
      <line num="53" type="stmt" count="9"/>
      <line num="54" type="stmt" count="9"/>
      <line num="55" type="stmt" count="2"/>
      <line num="57" type="stmt" count="7"/>
      <line num="58" type="stmt" count="7"/>
      <line num="59" type="stmt" count="7"/>
      <line num="60" type="stmt" count="4"/>
      <line num="61" type="stmt" count="4"/>
      <line num="62" type="stmt" count="3"/>
      <line num="63" type="stmt" count="3"/>
      <line num="64" type="stmt" count="3"/>
      <line num="68" type="stmt" count="7"/>
      <line num="69" type="stmt" count="3"/>
      <line num="71" type="stmt" count="4"/>
      <line num="73" type="stmt" count="3"/>
      <line num="74" type="stmt" count="2"/>
      <line num="75" type="stmt" count="2"/>
      <line num="78" type="stmt" count="1"/>
      <metrics loc="80" ncloc="77" classes="1" methods="3" coveredmethods="3" conditionals="0" coveredconditionals="0" statements="38" coveredstatements="38" elements="41" coveredelements="41"/>
    </file>
    <file name="/home/runner/work/type-converter/type-converter/src/Utils/ConverterUtil.php">
      <class name="Apie\TypeConverter\Utils\ConverterUtil" namespace="global">
        <metrics complexity="3" methods="2" coveredmethods="2" conditionals="0" coveredconditionals="0" statements="5" coveredstatements="5" elements="7" coveredelements="7"/>
      </class>
      <line num="17" type="method" name="getInput" visibility="public" complexity="1" crap="1" count="10"/>
      <line num="19" type="stmt" count="10"/>
      <line num="20" type="stmt" count="10"/>
      <line num="23" type="stmt" count="10"/>
      <line num="26" type="method" name="getOutput" visibility="public" complexity="1" crap="1" count="10"/>
      <line num="28" type="stmt" count="10"/>
      <line num="29" type="stmt" count="10"/>
      <metrics loc="31" ncloc="28" classes="1" methods="2" coveredmethods="2" conditionals="0" coveredconditionals="0" statements="5" coveredstatements="5" elements="7" coveredelements="7"/>
    </file>
    <file name="/home/runner/work/type-converter/type-converter/src/Utils/PropertyIterateUtil.php">
      <class name="Apie\TypeConverter\Utils\PropertyIterateUtil" namespace="global">
        <metrics complexity="16" methods="2" coveredmethods="0" conditionals="0" coveredconditionals="0" statements="23" coveredstatements="19" elements="25" coveredelements="19"/>
      </class>
      <line num="20" type="method" name="getReadProperties" visibility="public" complexity="7" crap="7.04" count="3"/>
      <line num="22" type="stmt" count="3"/>
      <line num="23" type="stmt" count="3"/>
      <line num="24" type="stmt" count="3"/>
      <line num="26" type="stmt" count="3"/>
      <line num="27" type="stmt" count="1"/>
      <line num="28" type="stmt" count="0"/>
      <line num="30" type="stmt" count="1"/>
      <line num="31" type="stmt" count="1"/>
      <line num="33" type="stmt" count="1"/>
      <line num="34" type="stmt" count="1"/>
      <line num="38" type="stmt" count="3"/>
      <line num="44" type="method" name="getWriteProperties" visibility="public" complexity="8" crap="9.00" count="2"/>
      <line num="46" type="stmt" count="2"/>
      <line num="47" type="stmt" count="2"/>
      <line num="48" type="stmt" count="2"/>
      <line num="49" type="stmt" count="0"/>
      <line num="51" type="stmt" count="2"/>
      <line num="53" type="stmt" count="2"/>
      <line num="54" type="stmt" count="1"/>
      <line num="55" type="stmt" count="0"/>
      <line num="57" type="stmt" count="1"/>
      <line num="58" type="stmt" count="1"/>
      <line num="59" type="stmt" count="0"/>
      <line num="63" type="stmt" count="2"/>
      <metrics loc="65" ncloc="56" classes="1" methods="2" coveredmethods="0" conditionals="0" coveredconditionals="0" statements="23" coveredstatements="19" elements="25" coveredelements="19"/>
    </file>
    <file name="/home/runner/work/type-converter/type-converter/src/Utils/ReflectionTypeUtil.php">
      <class name="Apie\TypeConverter\Utils\ReflectionTypeUtil" namespace="global">
        <metrics complexity="58" methods="6" coveredmethods="2" conditionals="0" coveredconditionals="0" statements="109" coveredstatements="72" elements="115" coveredelements="74"/>
      </class>
      <line num="20" type="method" name="toClass" visibility="public" complexity="3" crap="3" count="8"/>
      <line num="22" type="stmt" count="8"/>
      <line num="23" type="stmt" count="3"/>
      <line num="25" type="stmt" count="5"/>
      <line num="28" type="method" name="isApplicable" visibility="public" complexity="11" crap="11.10" count="28"/>
      <line num="30" type="stmt" count="28"/>
      <line num="31" type="stmt" count="3"/>
      <line num="33" type="stmt" count="27"/>
      <line num="34" type="stmt" count="27"/>
      <line num="35" type="stmt" count="24"/>
      <line num="36" type="stmt" count="24"/>
      <line num="37" type="stmt" count="24"/>
      <line num="38" type="stmt" count="24"/>
      <line num="39" type="stmt" count="24"/>
      <line num="40" type="stmt" count="24"/>
      <line num="41" type="stmt" count="24"/>
      <line num="43" type="stmt" count="7"/>
      <line num="45" type="stmt" count="3"/>
      <line num="46" type="stmt" count="2"/>
      <line num="47" type="stmt" count="2"/>
      <line num="48" type="stmt" count="2"/>
      <line num="51" type="stmt" count="0"/>
      <line num="54" type="stmt" count="1"/>
      <line num="55" type="stmt" count="1"/>
      <line num="56" type="stmt" count="0"/>
      <line num="59" type="stmt" count="1"/>
      <line num="62" type="method" name="rateAccuracy" visibility="public" complexity="3" crap="3" count="20"/>
      <line num="64" type="stmt" count="20"/>
      <line num="65" type="stmt" count="15"/>
      <line num="67" type="stmt" count="6"/>
      <line num="68" type="stmt" count="4"/>
      <line num="71" type="stmt" count="2"/>
      <line num="74" type="method" name="rateOnUnionType" visibility="private" complexity="7" crap="23.26" count="2"/>
      <line num="76" type="stmt" count="2"/>
      <line num="77" type="stmt" count="2"/>
      <line num="78" type="stmt" count="2"/>
      <line num="79" type="stmt" count="0"/>
      <line num="80" type="stmt" count="0"/>
      <line num="81" type="stmt" count="0"/>
      <line num="82" type="stmt" count="0"/>
      <line num="83" type="stmt" count="0"/>
      <line num="84" type="stmt" count="0"/>
      <line num="85" type="stmt" count="0"/>
      <line num="88" type="stmt" count="0"/>
      <line num="90" type="stmt" count="2"/>
      <line num="94" type="stmt" count="0"/>
      <line num="97" type="method" name="rateOnIntersectionType" visibility="private" complexity="5" crap="5.01" count="4"/>
      <line num="99" type="stmt" count="4"/>
      <line num="100" type="stmt" count="2"/>
      <line num="101" type="stmt" count="2"/>
      <line num="102" type="stmt" count="1"/>
      <line num="103" type="stmt" count="1"/>
      <line num="104" type="stmt" count="1"/>
      <line num="105" type="stmt" count="1"/>
      <line num="106" type="stmt" count="1"/>
      <line num="107" type="stmt" count="1"/>
      <line num="108" type="stmt" count="0"/>
      <line num="110" type="stmt" count="1"/>
      <line num="113" type="stmt" count="1"/>
      <line num="115" type="stmt" count="1"/>
      <line num="119" type="stmt" count="2"/>
      <line num="122" type="method" name="rateOnNamedType" visibility="private" complexity="28" crap="110.28" count="15"/>
      <line num="124" type="stmt" count="15"/>
      <line num="125" type="stmt" count="15"/>
      <line num="126" type="stmt" count="8"/>
      <line num="128" type="stmt" count="11"/>
      <line num="129" type="stmt" count="1"/>
      <line num="131" type="stmt" count="10"/>
      <line num="132" type="stmt" count="2"/>
      <line num="133" type="stmt" count="2"/>
      <line num="134" type="stmt" count="0"/>
      <line num="136" type="stmt" count="2"/>
      <line num="137" type="stmt" count="0"/>
      <line num="139" type="stmt" count="2"/>
      <line num="141" type="stmt" count="8"/>
      <line num="142" type="stmt" count="1"/>
      <line num="144" type="stmt" count="7"/>
      <line num="145" type="stmt" count="0"/>
      <line num="146" type="stmt" count="0"/>
      <line num="147" type="stmt" count="0"/>
      <line num="148" type="stmt" count="0"/>
      <line num="149" type="stmt" count="0"/>
      <line num="150" type="stmt" count="0"/>
      <line num="152" type="stmt" count="7"/>
      <line num="153" type="stmt" count="1"/>
      <line num="154" type="stmt" count="0"/>
      <line num="157" type="stmt" count="0"/>
      <line num="158" type="stmt" count="0"/>
      <line num="159" type="stmt" count="0"/>
      <line num="160" type="stmt" count="0"/>
      <line num="161" type="stmt" count="0"/>
      <line num="162" type="stmt" count="0"/>
      <line num="163" type="stmt" count="0"/>
      <line num="164" type="stmt" count="0"/>
      <line num="166" type="stmt" count="1"/>
      <line num="168" type="stmt" count="6"/>
      <line num="169" type="stmt" count="1"/>
      <line num="170" type="stmt" count="1"/>
      <line num="174" type="stmt" count="5"/>
      <line num="176" type="stmt" count="4"/>
      <line num="177" type="stmt" count="0"/>
      <line num="178" type="stmt" count="0"/>
      <line num="179" type="stmt" count="0"/>
      <line num="180" type="stmt" count="0"/>
      <line num="181" type="stmt" count="0"/>
      <line num="182" type="stmt" count="0"/>
      <line num="184" type="stmt" count="0"/>
      <line num="187" type="stmt" count="0"/>
      <line num="190" type="stmt" count="4"/>
      <line num="191" type="stmt" count="4"/>
      <line num="192" type="stmt" count="4"/>
      <line num="193" type="stmt" count="4"/>
      <line num="194" type="stmt" count="4"/>
      <line num="195" type="stmt" count="4"/>
      <line num="198" type="stmt" count="4"/>
      <metrics loc="200" ncloc="191" classes="1" methods="6" coveredmethods="2" conditionals="0" coveredconditionals="0" statements="109" coveredstatements="72" elements="115" coveredelements="74"/>
    </file>
    <metrics files="17" loc="768" ncloc="699" classes="15" methods="29" coveredmethods="20" conditionals="0" coveredconditionals="0" statements="279" coveredstatements="219" elements="308" coveredelements="239"/>
  </project>
</coverage>
