<?xml version="1.0" encoding="UTF-8"?>
<coverage generated="1706882750">
  <project timestamp="1706882750">
    <file name="/home/runner/work/type-converter/type-converter/src/ConverterInterface.php">
      <metrics loc="11" ncloc="6" classes="0" methods="0" coveredmethods="0" conditionals="0" coveredconditionals="0" statements="0" coveredstatements="0" elements="0" coveredelements="0"/>
    </file>
    <file name="/home/runner/work/type-converter/type-converter/src/Converters/ArrayToObjectConverter.php">
      <class name="Apie\TypeConverter\Converters\ArrayToObjectConverter" namespace="global">
        <metrics complexity="11" methods="2" coveredmethods="1" conditionals="0" coveredconditionals="0" statements="33" coveredstatements="22" elements="35" coveredelements="23"/>
      </class>
      <line num="28" type="method" name="__construct" visibility="public" complexity="1" crap="1" count="12"/>
      <line num="30" type="stmt" count="12"/>
      <line num="33" type="method" name="convert" visibility="public" complexity="10" crap="14.06" count="4"/>
      <line num="35" type="stmt" count="4"/>
      <line num="36" type="stmt" count="4"/>
      <line num="37" type="stmt" count="4"/>
      <line num="38" type="stmt" count="4"/>
      <line num="39" type="stmt" count="3"/>
      <line num="40" type="stmt" count="3"/>
      <line num="41" type="stmt" count="3"/>
      <line num="42" type="stmt" count="3"/>
      <line num="43" type="stmt" count="1"/>
      <line num="44" type="stmt" count="1"/>
      <line num="46" type="stmt" count="0"/>
      <line num="48" type="stmt" count="1"/>
      <line num="50" type="stmt" count="2"/>
      <line num="51" type="stmt" count="0"/>
      <line num="53" type="stmt" count="2"/>
      <line num="58" type="stmt" count="2"/>
      <line num="59" type="stmt" count="2"/>
      <line num="60" type="stmt" count="2"/>
      <line num="61" type="stmt" count="2"/>
      <line num="62" type="stmt" count="0"/>
      <line num="64" type="stmt" count="2"/>
      <line num="66" type="stmt" count="2"/>
      <line num="67" type="stmt" count="0"/>
      <line num="70" type="stmt" count="2"/>
      <line num="71" type="stmt" count="0"/>
      <line num="72" type="stmt" count="0"/>
      <line num="73" type="stmt" count="0"/>
      <line num="74" type="stmt" count="0"/>
      <line num="75" type="stmt" count="0"/>
      <line num="76" type="stmt" count="0"/>
      <line num="77" type="stmt" count="0"/>
      <line num="81" type="stmt" count="2"/>
      <metrics loc="83" ncloc="80" classes="1" methods="2" coveredmethods="1" conditionals="0" coveredconditionals="0" statements="33" coveredstatements="22" elements="35" coveredelements="23"/>
    </file>
    <file name="/home/runner/work/type-converter/type-converter/src/Converters/FloatToStringConverter.php">
      <class name="Apie\TypeConverter\Converters\FloatToStringConverter" namespace="global">
        <metrics complexity="1" methods="1" coveredmethods="1" conditionals="0" coveredconditionals="0" statements="1" coveredstatements="1" elements="2" coveredelements="2"/>
      </class>
      <line num="11" type="method" name="convert" visibility="public" complexity="1" crap="1" count="1"/>
      <line num="13" type="stmt" count="1"/>
      <metrics loc="15" ncloc="12" classes="1" methods="1" coveredmethods="1" conditionals="0" coveredconditionals="0" statements="1" coveredstatements="1" elements="2" coveredelements="2"/>
    </file>
    <file name="/home/runner/work/type-converter/type-converter/src/Converters/IntToStringConverter.php">
      <class name="Apie\TypeConverter\Converters\IntToStringConverter" namespace="global">
        <metrics complexity="1" methods="1" coveredmethods="1" conditionals="0" coveredconditionals="0" statements="1" coveredstatements="1" elements="2" coveredelements="2"/>
      </class>
      <line num="11" type="method" name="convert" visibility="public" complexity="1" crap="1" count="1"/>
      <line num="13" type="stmt" count="1"/>
      <metrics loc="15" ncloc="12" classes="1" methods="1" coveredmethods="1" conditionals="0" coveredconditionals="0" statements="1" coveredstatements="1" elements="2" coveredelements="2"/>
    </file>
    <file name="/home/runner/work/type-converter/type-converter/src/Converters/ObjectToObjectConverter.php">
      <class name="Apie\TypeConverter\Converters\ObjectToObjectConverter" namespace="global">
        <metrics complexity="4" methods="2" coveredmethods="2" conditionals="0" coveredconditionals="0" statements="7" coveredstatements="7" elements="9" coveredelements="9"/>
      </class>
      <line num="22" type="method" name="__construct" visibility="public" complexity="1" crap="1" count="12"/>
      <line num="23" type="stmt" count="12"/>
      <line num="24" type="stmt" count="12"/>
      <line num="27" type="method" name="convert" visibility="public" complexity="3" crap="3" count="3"/>
      <line num="29" type="stmt" count="3"/>
      <line num="30" type="stmt" count="3"/>
      <line num="32" type="stmt" count="3"/>
      <line num="33" type="stmt" count="2"/>
      <line num="36" type="stmt" count="3"/>
      <metrics loc="38" ncloc="35" classes="1" methods="2" coveredmethods="2" conditionals="0" coveredconditionals="0" statements="7" coveredstatements="7" elements="9" coveredelements="9"/>
    </file>
    <file name="/home/runner/work/type-converter/type-converter/src/Converters/ReflectionTypeToStringConverter.php">
      <class name="Apie\TypeConverter\Converters\ReflectionTypeToStringConverter" namespace="global">
        <metrics complexity="3" methods="1" coveredmethods="1" conditionals="0" coveredconditionals="0" statements="16" coveredstatements="16" elements="17" coveredelements="17"/>
      </class>
      <line num="14" type="method" name="convert" visibility="public" complexity="3" crap="3" count="15"/>
      <line num="16" type="stmt" count="15"/>
      <line num="17" type="stmt" count="15"/>
      <line num="19" type="stmt" count="5"/>
      <line num="20" type="stmt" count="5"/>
      <line num="21" type="stmt" count="1"/>
      <line num="23" type="stmt" count="5"/>
      <line num="24" type="stmt" count="5"/>
      <line num="25" type="stmt" count="5"/>
      <line num="26" type="stmt" count="5"/>
      <line num="27" type="stmt" count="5"/>
      <line num="28" type="stmt" count="5"/>
      <line num="29" type="stmt" count="5"/>
      <line num="30" type="stmt" count="5"/>
      <line num="31" type="stmt" count="5"/>
      <line num="32" type="stmt" count="5"/>
      <line num="33" type="stmt" count="5"/>
      <metrics loc="35" ncloc="32" classes="1" methods="1" coveredmethods="1" conditionals="0" coveredconditionals="0" statements="16" coveredstatements="16" elements="17" coveredelements="17"/>
    </file>
    <file name="/home/runner/work/type-converter/type-converter/src/Converters/StringToFloatConverter.php">
      <class name="Apie\TypeConverter\Converters\StringToFloatConverter" namespace="global">
        <metrics complexity="2" methods="1" coveredmethods="1" conditionals="0" coveredconditionals="0" statements="9" coveredstatements="9" elements="10" coveredelements="10"/>
      </class>
      <line num="12" type="method" name="convert" visibility="public" complexity="2" crap="2" count="2"/>
      <line num="14" type="stmt" count="2"/>
      <line num="15" type="stmt" count="2"/>
      <line num="16" type="stmt" count="1"/>
      <line num="17" type="stmt" count="1"/>
      <line num="18" type="stmt" count="1"/>
      <line num="19" type="stmt" count="1"/>
      <line num="20" type="stmt" count="1"/>
      <line num="21" type="stmt" count="1"/>
      <line num="24" type="stmt" count="1"/>
      <metrics loc="26" ncloc="23" classes="1" methods="1" coveredmethods="1" conditionals="0" coveredconditionals="0" statements="9" coveredstatements="9" elements="10" coveredelements="10"/>
    </file>
    <file name="/home/runner/work/type-converter/type-converter/src/Converters/StringToIntConverter.php">
      <class name="Apie\TypeConverter\Converters\StringToIntConverter" namespace="global">
        <metrics complexity="2" methods="1" coveredmethods="1" conditionals="0" coveredconditionals="0" statements="9" coveredstatements="9" elements="10" coveredelements="10"/>
      </class>
      <line num="12" type="method" name="convert" visibility="public" complexity="2" crap="2" count="2"/>
      <line num="14" type="stmt" count="2"/>
      <line num="15" type="stmt" count="2"/>
      <line num="16" type="stmt" count="1"/>
      <line num="17" type="stmt" count="1"/>
      <line num="18" type="stmt" count="1"/>
      <line num="19" type="stmt" count="1"/>
      <line num="20" type="stmt" count="1"/>
      <line num="21" type="stmt" count="1"/>
      <line num="23" type="stmt" count="2"/>
      <metrics loc="25" ncloc="22" classes="1" methods="1" coveredmethods="1" conditionals="0" coveredconditionals="0" statements="9" coveredstatements="9" elements="10" coveredelements="10"/>
    </file>
    <file name="/home/runner/work/type-converter/type-converter/src/Converters/StringToReflectionTypeConverter.php">
      <class name="Apie\TypeConverter\Converters\StringToReflectionTypeConverter" namespace="global">
        <metrics complexity="1" methods="1" coveredmethods="1" conditionals="0" coveredconditionals="0" statements="1" coveredstatements="1" elements="2" coveredelements="2"/>
      </class>
      <line num="13" type="method" name="convert" visibility="public" complexity="1" crap="1" count="1"/>
      <line num="15" type="stmt" count="1"/>
      <metrics loc="17" ncloc="14" classes="1" methods="1" coveredmethods="1" conditionals="0" coveredconditionals="0" statements="1" coveredstatements="1" elements="2" coveredelements="2"/>
    </file>
    <file name="/home/runner/work/type-converter/type-converter/src/DefaultConvertersFactory.php">
      <class name="Apie\TypeConverter\DefaultConvertersFactory" namespace="global">
        <metrics complexity="2" methods="1" coveredmethods="1" conditionals="0" coveredconditionals="0" statements="10" coveredstatements="10" elements="11" coveredelements="11"/>
      </class>
      <line num="23" type="method" name="create" visibility="public" complexity="1" crap="1" count="4"/>
      <line num="25" type="stmt" count="4"/>
      <line num="26" type="stmt" count="4"/>
      <line num="27" type="stmt" count="4"/>
      <line num="28" type="stmt" count="4"/>
      <line num="29" type="stmt" count="4"/>
      <line num="30" type="stmt" count="4"/>
      <line num="31" type="stmt" count="4"/>
      <line num="32" type="stmt" count="4"/>
      <line num="33" type="stmt" count="4"/>
      <line num="34" type="stmt" count="4"/>
      <metrics loc="36" ncloc="30" classes="1" methods="1" coveredmethods="1" conditionals="0" coveredconditionals="0" statements="10" coveredstatements="10" elements="11" coveredelements="11"/>
    </file>
    <file name="/home/runner/work/type-converter/type-converter/src/Exceptions/CanNotConvertObjectException.php">
      <class name="Apie\TypeConverter\Exceptions\CanNotConvertObjectException" namespace="global">
        <metrics complexity="1" methods="1" coveredmethods="1" conditionals="0" coveredconditionals="0" statements="1" coveredstatements="1" elements="2" coveredelements="2"/>
      </class>
      <line num="10" type="method" name="__construct" visibility="public" complexity="1" crap="1" count="3"/>
      <line num="15" type="stmt" count="3"/>
      <metrics loc="17" ncloc="17" classes="1" methods="1" coveredmethods="1" conditionals="0" coveredconditionals="0" statements="1" coveredstatements="1" elements="2" coveredelements="2"/>
    </file>
    <file name="/home/runner/work/type-converter/type-converter/src/Exceptions/CanNotConvertObjectPropertyException.php">
      <class name="Apie\TypeConverter\Exceptions\CanNotConvertObjectPropertyException" namespace="global">
        <metrics complexity="1" methods="1" coveredmethods="0" conditionals="0" coveredconditionals="0" statements="1" coveredstatements="0" elements="2" coveredelements="0"/>
      </class>
      <line num="10" type="method" name="__construct" visibility="public" complexity="1" crap="2" count="0"/>
      <line num="16" type="stmt" count="0"/>
      <metrics loc="18" ncloc="18" classes="1" methods="1" coveredmethods="0" conditionals="0" coveredconditionals="0" statements="1" coveredstatements="0" elements="2" coveredelements="0"/>
    </file>
    <file name="/home/runner/work/type-converter/type-converter/src/Exceptions/CanNotConvertObjectToUnionException.php">
      <class name="Apie\TypeConverter\Exceptions\CanNotConvertObjectToUnionException" namespace="global">
        <metrics complexity="3" methods="2" coveredmethods="0" conditionals="0" coveredconditionals="0" statements="11" coveredstatements="0" elements="13" coveredelements="0"/>
      </class>
      <line num="13" type="method" name="__construct" visibility="public" complexity="2" crap="6" count="0"/>
      <line num="15" type="stmt" count="0"/>
      <line num="16" type="stmt" count="0"/>
      <line num="17" type="stmt" count="0"/>
      <line num="18" type="stmt" count="0"/>
      <line num="19" type="stmt" count="0"/>
      <line num="21" type="stmt" count="0"/>
      <line num="22" type="stmt" count="0"/>
      <line num="23" type="stmt" count="0"/>
      <line num="24" type="stmt" count="0"/>
      <line num="25" type="stmt" count="0"/>
      <line num="28" type="method" name="getChainedExceptions" visibility="public" complexity="1" crap="2" count="0"/>
      <line num="30" type="stmt" count="0"/>
      <metrics loc="32" ncloc="29" classes="1" methods="2" coveredmethods="0" conditionals="0" coveredconditionals="0" statements="11" coveredstatements="0" elements="13" coveredelements="0"/>
    </file>
    <file name="/home/runner/work/type-converter/type-converter/src/Exceptions/GetMultipleChainedExceptionInterface.php">
      <metrics loc="12" ncloc="9" classes="0" methods="0" coveredmethods="0" conditionals="0" coveredconditionals="0" statements="0" coveredstatements="0" elements="0" coveredelements="0"/>
    </file>
    <file name="/home/runner/work/type-converter/type-converter/src/ObjectFallbackConverter.php">
      <metrics loc="13" ncloc="10" classes="0" methods="0" coveredmethods="0" conditionals="0" coveredconditionals="0" statements="0" coveredstatements="0" elements="0" coveredelements="0"/>
    </file>
    <file name="/home/runner/work/type-converter/type-converter/src/ReflectionTypeFactory.php">
      <class name="Apie\TypeConverter\ReflectionTypeFactory" namespace="global">
        <metrics complexity="12" methods="4" coveredmethods="3" conditionals="0" coveredconditionals="0" statements="26" coveredstatements="21" elements="30" coveredelements="24"/>
      </class>
      <line num="28" type="method" name="createNullType" visibility="private" complexity="1" crap="1" count="1"/>
      <line num="30" type="stmt" count="1"/>
      <line num="31" type="stmt" count="1"/>
      <line num="34" type="method" name="createFalseType" visibility="private" complexity="1" crap="1" count="1"/>
      <line num="36" type="stmt" count="1"/>
      <line num="37" type="stmt" count="1"/>
      <line num="40" type="method" name="createTrueType" visibility="private" complexity="2" crap="3.46" count="1"/>
      <line num="42" type="stmt" count="1"/>
      <line num="43" type="stmt" count="1"/>
      <line num="45" type="stmt" count="0"/>
      <line num="46" type="stmt" count="0"/>
      <line num="47" type="stmt" count="0"/>
      <line num="48" type="stmt" count="0"/>
      <line num="49" type="stmt" count="0"/>
      <line num="52" type="method" name="createReflectionType" visibility="public" complexity="7" crap="7" count="58"/>
      <line num="54" type="stmt" count="58"/>
      <line num="55" type="stmt" count="1"/>
      <line num="57" type="stmt" count="57"/>
      <line num="58" type="stmt" count="17"/>
      <line num="59" type="stmt" count="1"/>
      <line num="60" type="stmt" count="16"/>
      <line num="61" type="stmt" count="1"/>
      <line num="62" type="stmt" count="15"/>
      <line num="63" type="stmt" count="1"/>
      <line num="65" type="stmt" count="14"/>
      <line num="66" type="stmt" count="14"/>
      <line num="67" type="stmt" count="14"/>
      <line num="68" type="stmt" count="14"/>
      <line num="69" type="stmt" count="14"/>
      <line num="72" type="stmt" count="56"/>
      <metrics loc="75" ncloc="66" classes="1" methods="4" coveredmethods="3" conditionals="0" coveredconditionals="0" statements="26" coveredstatements="21" elements="30" coveredelements="24"/>
    </file>
    <file name="/home/runner/work/type-converter/type-converter/src/TypeConverter.php">
      <class name="Apie\TypeConverter\TypeConverter" namespace="global">
        <metrics complexity="21" methods="4" coveredmethods="3" conditionals="0" coveredconditionals="0" statements="48" coveredstatements="45" elements="52" coveredelements="48"/>
      </class>
      <line num="17" type="method" name="__construct" visibility="public" complexity="2" crap="2" count="12"/>
      <line num="19" type="stmt" count="12"/>
      <line num="20" type="stmt" count="12"/>
      <line num="21" type="stmt" count="12"/>
      <line num="22" type="stmt" count="12"/>
      <line num="23" type="stmt" count="12"/>
      <line num="24" type="stmt" count="12"/>
      <line num="25" type="stmt" count="12"/>
      <line num="26" type="stmt" count="12"/>
      <line num="33" type="method" name="getConvertersForData" visibility="private" complexity="5" crap="5" count="9"/>
      <line num="35" type="stmt" count="9"/>
      <line num="36" type="stmt" count="9"/>
      <line num="37" type="stmt" count="9"/>
      <line num="38" type="stmt" count="9"/>
      <line num="39" type="stmt" count="9"/>
      <line num="40" type="stmt" count="9"/>
      <line num="41" type="stmt" count="6"/>
      <line num="45" type="stmt" count="9"/>
      <line num="48" type="method" name="convertToUnion" visibility="private" complexity="3" crap="3.47" count="1"/>
      <line num="50" type="stmt" count="1"/>
      <line num="51" type="stmt" count="1"/>
      <line num="53" type="stmt" count="1"/>
      <line num="54" type="stmt" count="1"/>
      <line num="56" type="stmt" count="1"/>
      <line num="57" type="stmt" count="0"/>
      <line num="58" type="stmt" count="0"/>
      <line num="61" type="stmt" count="0"/>
      <line num="64" type="method" name="convertTo" visibility="public" complexity="11" crap="11" count="12"/>
      <line num="66" type="stmt" count="12"/>
      <line num="67" type="stmt" count="8"/>
      <line num="69" type="stmt" count="12"/>
      <line num="70" type="stmt" count="12"/>
      <line num="71" type="stmt" count="12"/>
      <line num="72" type="stmt" count="12"/>
      <line num="73" type="stmt" count="3"/>
      <line num="75" type="stmt" count="10"/>
      <line num="76" type="stmt" count="1"/>
      <line num="78" type="stmt" count="9"/>
      <line num="79" type="stmt" count="9"/>
      <line num="80" type="stmt" count="9"/>
      <line num="81" type="stmt" count="6"/>
      <line num="82" type="stmt" count="6"/>
      <line num="83" type="stmt" count="5"/>
      <line num="84" type="stmt" count="5"/>
      <line num="85" type="stmt" count="5"/>
      <line num="89" type="stmt" count="9"/>
      <line num="90" type="stmt" count="5"/>
      <line num="92" type="stmt" count="4"/>
      <line num="94" type="stmt" count="3"/>
      <line num="95" type="stmt" count="2"/>
      <line num="96" type="stmt" count="2"/>
      <line num="99" type="stmt" count="1"/>
      <metrics loc="101" ncloc="97" classes="1" methods="4" coveredmethods="3" conditionals="0" coveredconditionals="0" statements="48" coveredstatements="45" elements="52" coveredelements="48"/>
    </file>
    <file name="/home/runner/work/type-converter/type-converter/src/Utils/ConverterUtil.php">
      <class name="Apie\TypeConverter\Utils\ConverterUtil" namespace="global">
        <metrics complexity="3" methods="2" coveredmethods="2" conditionals="0" coveredconditionals="0" statements="5" coveredstatements="5" elements="7" coveredelements="7"/>
      </class>
      <line num="17" type="method" name="getInput" visibility="public" complexity="1" crap="1" count="13"/>
      <line num="19" type="stmt" count="13"/>
      <line num="20" type="stmt" count="13"/>
      <line num="23" type="stmt" count="13"/>
      <line num="26" type="method" name="getOutput" visibility="public" complexity="1" crap="1" count="13"/>
      <line num="28" type="stmt" count="13"/>
      <line num="29" type="stmt" count="13"/>
      <metrics loc="31" ncloc="28" classes="1" methods="2" coveredmethods="2" conditionals="0" coveredconditionals="0" statements="5" coveredstatements="5" elements="7" coveredelements="7"/>
    </file>
    <file name="/home/runner/work/type-converter/type-converter/src/Utils/PropertyIterateUtil.php">
      <class name="Apie\TypeConverter\Utils\PropertyIterateUtil" namespace="global">
        <metrics complexity="16" methods="2" coveredmethods="0" conditionals="0" coveredconditionals="0" statements="23" coveredstatements="19" elements="25" coveredelements="19"/>
      </class>
      <line num="20" type="method" name="getReadProperties" visibility="public" complexity="7" crap="7.04" count="3"/>
      <line num="22" type="stmt" count="3"/>
      <line num="23" type="stmt" count="3"/>
      <line num="24" type="stmt" count="3"/>
      <line num="26" type="stmt" count="3"/>
      <line num="27" type="stmt" count="1"/>
      <line num="28" type="stmt" count="0"/>
      <line num="30" type="stmt" count="1"/>
      <line num="31" type="stmt" count="1"/>
      <line num="33" type="stmt" count="1"/>
      <line num="34" type="stmt" count="1"/>
      <line num="38" type="stmt" count="3"/>
      <line num="44" type="method" name="getWriteProperties" visibility="public" complexity="8" crap="9.00" count="2"/>
      <line num="46" type="stmt" count="2"/>
      <line num="47" type="stmt" count="2"/>
      <line num="48" type="stmt" count="2"/>
      <line num="49" type="stmt" count="0"/>
      <line num="51" type="stmt" count="2"/>
      <line num="53" type="stmt" count="2"/>
      <line num="54" type="stmt" count="1"/>
      <line num="55" type="stmt" count="0"/>
      <line num="57" type="stmt" count="1"/>
      <line num="58" type="stmt" count="1"/>
      <line num="59" type="stmt" count="0"/>
      <line num="63" type="stmt" count="2"/>
      <metrics loc="65" ncloc="56" classes="1" methods="2" coveredmethods="0" conditionals="0" coveredconditionals="0" statements="23" coveredstatements="19" elements="25" coveredelements="19"/>
    </file>
    <file name="/home/runner/work/type-converter/type-converter/src/Utils/ReflectionTypeUtil.php">
      <class name="Apie\TypeConverter\Utils\ReflectionTypeUtil" namespace="global">
        <metrics complexity="58" methods="6" coveredmethods="2" conditionals="0" coveredconditionals="0" statements="110" coveredstatements="73" elements="116" coveredelements="75"/>
      </class>
      <line num="20" type="method" name="toClass" visibility="public" complexity="3" crap="3" count="8"/>
      <line num="22" type="stmt" count="8"/>
      <line num="23" type="stmt" count="3"/>
      <line num="25" type="stmt" count="5"/>
      <line num="28" type="method" name="isApplicable" visibility="public" complexity="11" crap="11.09" count="30"/>
      <line num="30" type="stmt" count="30"/>
      <line num="31" type="stmt" count="3"/>
      <line num="33" type="stmt" count="29"/>
      <line num="34" type="stmt" count="29"/>
      <line num="35" type="stmt" count="26"/>
      <line num="36" type="stmt" count="26"/>
      <line num="37" type="stmt" count="26"/>
      <line num="38" type="stmt" count="26"/>
      <line num="39" type="stmt" count="26"/>
      <line num="40" type="stmt" count="26"/>
      <line num="41" type="stmt" count="26"/>
      <line num="42" type="stmt" count="26"/>
      <line num="44" type="stmt" count="7"/>
      <line num="46" type="stmt" count="3"/>
      <line num="47" type="stmt" count="2"/>
      <line num="48" type="stmt" count="2"/>
      <line num="49" type="stmt" count="2"/>
      <line num="52" type="stmt" count="0"/>
      <line num="55" type="stmt" count="1"/>
      <line num="56" type="stmt" count="1"/>
      <line num="57" type="stmt" count="0"/>
      <line num="60" type="stmt" count="1"/>
      <line num="63" type="method" name="rateAccuracy" visibility="public" complexity="3" crap="3" count="22"/>
      <line num="65" type="stmt" count="22"/>
      <line num="66" type="stmt" count="17"/>
      <line num="68" type="stmt" count="6"/>
      <line num="69" type="stmt" count="4"/>
      <line num="72" type="stmt" count="2"/>
      <line num="75" type="method" name="rateOnUnionType" visibility="private" complexity="7" crap="23.26" count="2"/>
      <line num="77" type="stmt" count="2"/>
      <line num="78" type="stmt" count="2"/>
      <line num="79" type="stmt" count="2"/>
      <line num="80" type="stmt" count="0"/>
      <line num="81" type="stmt" count="0"/>
      <line num="82" type="stmt" count="0"/>
      <line num="83" type="stmt" count="0"/>
      <line num="84" type="stmt" count="0"/>
      <line num="85" type="stmt" count="0"/>
      <line num="86" type="stmt" count="0"/>
      <line num="89" type="stmt" count="0"/>
      <line num="91" type="stmt" count="2"/>
      <line num="95" type="stmt" count="0"/>
      <line num="98" type="method" name="rateOnIntersectionType" visibility="private" complexity="5" crap="5.01" count="4"/>
      <line num="100" type="stmt" count="4"/>
      <line num="101" type="stmt" count="2"/>
      <line num="102" type="stmt" count="2"/>
      <line num="103" type="stmt" count="1"/>
      <line num="104" type="stmt" count="1"/>
      <line num="105" type="stmt" count="1"/>
      <line num="106" type="stmt" count="1"/>
      <line num="107" type="stmt" count="1"/>
      <line num="108" type="stmt" count="1"/>
      <line num="109" type="stmt" count="0"/>
      <line num="111" type="stmt" count="1"/>
      <line num="114" type="stmt" count="1"/>
      <line num="116" type="stmt" count="1"/>
      <line num="120" type="stmt" count="2"/>
      <line num="123" type="method" name="rateOnNamedType" visibility="private" complexity="28" crap="110.28" count="17"/>
      <line num="125" type="stmt" count="17"/>
      <line num="126" type="stmt" count="17"/>
      <line num="127" type="stmt" count="8"/>
      <line num="129" type="stmt" count="12"/>
      <line num="130" type="stmt" count="1"/>
      <line num="132" type="stmt" count="11"/>
      <line num="133" type="stmt" count="2"/>
      <line num="134" type="stmt" count="2"/>
      <line num="135" type="stmt" count="0"/>
      <line num="137" type="stmt" count="2"/>
      <line num="138" type="stmt" count="0"/>
      <line num="140" type="stmt" count="2"/>
      <line num="142" type="stmt" count="9"/>
      <line num="143" type="stmt" count="1"/>
      <line num="145" type="stmt" count="8"/>
      <line num="146" type="stmt" count="0"/>
      <line num="147" type="stmt" count="0"/>
      <line num="148" type="stmt" count="0"/>
      <line num="149" type="stmt" count="0"/>
      <line num="150" type="stmt" count="0"/>
      <line num="151" type="stmt" count="0"/>
      <line num="153" type="stmt" count="8"/>
      <line num="154" type="stmt" count="3"/>
      <line num="155" type="stmt" count="0"/>
      <line num="158" type="stmt" count="0"/>
      <line num="159" type="stmt" count="0"/>
      <line num="160" type="stmt" count="0"/>
      <line num="161" type="stmt" count="0"/>
      <line num="162" type="stmt" count="0"/>
      <line num="163" type="stmt" count="0"/>
      <line num="164" type="stmt" count="0"/>
      <line num="165" type="stmt" count="0"/>
      <line num="167" type="stmt" count="3"/>
      <line num="169" type="stmt" count="5"/>
      <line num="170" type="stmt" count="1"/>
      <line num="171" type="stmt" count="1"/>
      <line num="175" type="stmt" count="4"/>
      <line num="177" type="stmt" count="3"/>
      <line num="178" type="stmt" count="0"/>
      <line num="179" type="stmt" count="0"/>
      <line num="180" type="stmt" count="0"/>
      <line num="181" type="stmt" count="0"/>
      <line num="182" type="stmt" count="0"/>
      <line num="183" type="stmt" count="0"/>
      <line num="185" type="stmt" count="0"/>
      <line num="188" type="stmt" count="0"/>
      <line num="191" type="stmt" count="3"/>
      <line num="192" type="stmt" count="3"/>
      <line num="193" type="stmt" count="3"/>
      <line num="194" type="stmt" count="3"/>
      <line num="195" type="stmt" count="3"/>
      <line num="196" type="stmt" count="3"/>
      <line num="199" type="stmt" count="3"/>
      <metrics loc="201" ncloc="192" classes="1" methods="6" coveredmethods="2" conditionals="0" coveredconditionals="0" statements="110" coveredstatements="73" elements="116" coveredelements="75"/>
    </file>
    <metrics files="20" loc="866" ncloc="788" classes="17" methods="33" coveredmethods="21" conditionals="0" coveredconditionals="0" statements="312" coveredstatements="240" elements="345" coveredelements="261"/>
  </project>
</coverage>
